[2024-09-06T12:57:10.953Z] POST /add ::1 - Status: 201, Response Time: 9ms}
[2024-09-06T13:01:26.763Z] DELETE /delete/34 ::1 - Status: 404, Response Time: 7ms}
[2024-09-06T13:02:03.762Z] DELETE /delete/34 ::1 - Status: 204, Response Time: 8ms}
[2024-09-07T03:20:14.652Z] GET / ::1 - Status: 200, Response Time: 19ms}
[2024-09-07T03:20:14.764Z] GET /favicon.ico ::1 - Status: 404, Response Time: 7ms}
[2024-09-07T03:20:56.225Z] POST / ::1 - Status: 404, Response Time: 0ms}
[2024-09-07T03:21:04.589Z] POST /add ::1 - Status: 201, Response Time: 0ms}
[2024-09-07T03:25:38.730Z] DELETE /delete/3 ::1 - Status: 204, Response Time: 7ms}
[2024-09-07T03:27:05.602Z] DELETE /delete/3 ::1 - Status: 500, Response Time: 11ms}
[2024-09-07T03:27:31.312Z] DELETE /delete/3 ::1 - Status: 204, Response Time: 13ms}
[2024-09-07T03:28:40.013Z] DELETE /delete/3 ::1 - Status: 204, Response Time: 18ms}
[2024-09-07T03:29:14.956Z] DELETE /delete/3 ::1 - Status: 204, Response Time: 8ms}
[2024-09-07T03:29:31.414Z] GET / ::1 - Status: 200, Response Time: 1ms}
[2024-09-07T03:29:40.826Z] GET /delete/2 ::1 - Status: 404, Response Time: 3ms}
[2024-09-07T03:29:52.464Z] DELETE /delete/2 ::1 - Status: 204, Response Time: 2ms}
[2024-09-07T03:30:20.749Z] GET / ::1 - Status: 200, Response Time: 10ms}
[2024-09-07T03:30:35.321Z] GET /delete/2 ::1 - Status: 404, Response Time: 4ms}
[2024-09-07T03:31:02.278Z] GET /delete/2 ::1 - Status: 404, Response Time: 8ms}
[2024-09-07T03:31:07.300Z] DELETE /delete/2 ::1 - Status: 200, Response Time: 8ms}
[2024-09-07T03:34:45.054Z] DELETE /edit/1 ::1 - Status: 404, Response Time: 6ms}
[2024-09-07T03:34:55.235Z] PUT /edit/1 ::1 - Status: 200, Response Time: 3ms}
